/home/zixuanzhou/.local/lib/python3.11/site-packages/gerrychain/tree.py:704: BipartitionWarning: 
Failed to find a balanced cut after 1000 attempts.
If possible, consider enabling pair reselection within your
MarkovChain proposal method to allow the algorithm to select
a different pair of districts for recombination.
  warnings.warn(
/home/zixuanzhou/.local/lib/python3.11/site-packages/gerrychain/tree.py:704: BipartitionWarning: 
Failed to find a balanced cut after 1000 attempts.
If possible, consider enabling pair reselection within your
MarkovChain proposal method to allow the algorithm to select
a different pair of districts for recombination.
  warnings.warn(
/home/zixuanzhou/.local/lib/python3.11/site-packages/gerrychain/tree.py:704: BipartitionWarning: 
Failed to find a balanced cut after 1000 attempts.
If possible, consider enabling pair reselection within your
MarkovChain proposal method to allow the algorithm to select
a different pair of districts for recombination.
  warnings.warn(
/home/zixuanzhou/.local/lib/python3.11/site-packages/gerrychain/tree.py:704: BipartitionWarning: 
Failed to find a balanced cut after 1000 attempts.
If possible, consider enabling pair reselection within your
MarkovChain proposal method to allow the algorithm to select
a different pair of districts for recombination.
  warnings.warn(
/home/zixuanzhou/.local/lib/python3.11/site-packages/gerrychain/tree.py:704: BipartitionWarning: 
Failed to find a balanced cut after 1000 attempts.
If possible, consider enabling pair reselection within your
MarkovChain proposal method to allow the algorithm to select
a different pair of districts for recombination.
  warnings.warn(
/home/zixuanzhou/.local/lib/python3.11/site-packages/gerrychain/tree.py:704: BipartitionWarning: 
Failed to find a balanced cut after 1000 attempts.
If possible, consider enabling pair reselection within your
MarkovChain proposal method to allow the algorithm to select
a different pair of districts for recombination.
  warnings.warn(
/home/zixuanzhou/.local/lib/python3.11/site-packages/gerrychain/tree.py:704: BipartitionWarning: 
Failed to find a balanced cut after 1000 attempts.
If possible, consider enabling pair reselection within your
MarkovChain proposal method to allow the algorithm to select
a different pair of districts for recombination.
  warnings.warn(
/home/zixuanzhou/.local/lib/python3.11/site-packages/gerrychain/tree.py:704: BipartitionWarning: 
Failed to find a balanced cut after 1000 attempts.
If possible, consider enabling pair reselection within your
MarkovChain proposal method to allow the algorithm to select
a different pair of districts for recombination.
  warnings.warn(
/home/zixuanzhou/.local/lib/python3.11/site-packages/gerrychain/tree.py:704: BipartitionWarning: 
Failed to find a balanced cut after 1000 attempts.
If possible, consider enabling pair reselection within your
MarkovChain proposal method to allow the algorithm to select
a different pair of districts for recombination.
  warnings.warn(
/home/zixuanzhou/.local/lib/python3.11/site-packages/gerrychain/tree.py:704: BipartitionWarning: 
Failed to find a balanced cut after 1000 attempts.
If possible, consider enabling pair reselection within your
MarkovChain proposal method to allow the algorithm to select
a different pair of districts for recombination.
  warnings.warn(
/home/zixuanzhou/.local/lib/python3.11/site-packages/gerrychain/tree.py:704: BipartitionWarning: 
Failed to find a balanced cut after 1000 attempts.
If possible, consider enabling pair reselection within your
MarkovChain proposal method to allow the algorithm to select
a different pair of districts for recombination.
  warnings.warn(
/home/zixuanzhou/.local/lib/python3.11/site-packages/gerrychain/tree.py:704: BipartitionWarning: 
Failed to find a balanced cut after 1000 attempts.
If possible, consider enabling pair reselection within your
MarkovChain proposal method to allow the algorithm to select
a different pair of districts for recombination.
  warnings.warn(
/home/zixuanzhou/.local/lib/python3.11/site-packages/gerrychain/tree.py:704: BipartitionWarning: 
Failed to find a balanced cut after 1000 attempts.
If possible, consider enabling pair reselection within your
MarkovChain proposal method to allow the algorithm to select
a different pair of districts for recombination.
  warnings.warn(
/home/zixuanzhou/.local/lib/python3.11/site-packages/gerrychain/tree.py:704: BipartitionWarning: 
Failed to find a balanced cut after 1000 attempts.
If possible, consider enabling pair reselection within your
MarkovChain proposal method to allow the algorithm to select
a different pair of districts for recombination.
  warnings.warn(
/home/zixuanzhou/.local/lib/python3.11/site-packages/gerrychain/tree.py:704: BipartitionWarning: 
Failed to find a balanced cut after 1000 attempts.
If possible, consider enabling pair reselection within your
MarkovChain proposal method to allow the algorithm to select
a different pair of districts for recombination.
  warnings.warn(
